  main.cpp
F:\OpenGL 3.3 - Lighting (Part1+2+3)\semiCylinder.h(190,25): warning C4244: 'initializing': conversion from 'int' to 'float', possible loss of data
F:\OpenGL 3.3 - Lighting (Part1+2+3)\semiCylinder.h(202,30): warning C4244: 'initializing': conversion from 'double' to 'float', possible loss of data
F:\OpenGL 3.3 - Lighting (Part1+2+3)\semiCylinder.h(217,26): warning C4244: '=': conversion from 'double' to 'float', possible loss of data
F:\OpenGL 3.3 - Lighting (Part1+2+3)\semiCylinder.h(219,26): warning C4244: '=': conversion from 'double' to 'float', possible loss of data
F:\OpenGL 3.3 - Lighting (Part1+2+3)\semiCylinder.h(185,28): warning C4101: 'xz': unreferenced local variable
F:\OpenGL 3.3 - Lighting (Part1+2+3)\wheel.h(227,26): warning C4267: 'argument': conversion from 'size_t' to 'GLsizei', possible loss of data
F:\OpenGL 3.3 - Lighting (Part1+2+3)\wheel.h(246,26): warning C4267: 'argument': conversion from 'size_t' to 'GLsizei', possible loss of data
F:\OpenGL 3.3 - Lighting (Part1+2+3)\wheel.h(272,26): warning C4244: 'initializing': conversion from 'double' to 'float', possible loss of data
F:\OpenGL 3.3 - Lighting (Part1+2+3)\wheel.h(276,25): warning C4244: 'initializing': conversion from 'int' to 'float', possible loss of data
F:\OpenGL 3.3 - Lighting (Part1+2+3)\wheel.h(299,26): warning C4244: '=': conversion from 'double' to 'float', possible loss of data
F:\OpenGL 3.3 - Lighting (Part1+2+3)\wheel.h(301,26): warning C4244: '=': conversion from 'double' to 'float', possible loss of data
F:\OpenGL 3.3 - Lighting (Part1+2+3)\wheel.h(270,28): warning C4101: 'xz': unreferenced local variable
F:\OpenGL 3.3 - Lighting (Part1+2+3)\cylinder.h(187,26): warning C4244: 'initializing': conversion from 'double' to 'float', possible loss of data
F:\OpenGL 3.3 - Lighting (Part1+2+3)\cylinder.h(191,25): warning C4244: 'initializing': conversion from 'int' to 'float', possible loss of data
F:\OpenGL 3.3 - Lighting (Part1+2+3)\cylinder.h(215,26): warning C4244: '=': conversion from 'double' to 'float', possible loss of data
F:\OpenGL 3.3 - Lighting (Part1+2+3)\cylinder.h(217,26): warning C4244: '=': conversion from 'double' to 'float', possible loss of data
F:\OpenGL 3.3 - Lighting (Part1+2+3)\cylinder.h(185,28): warning C4101: 'xz': unreferenced local variable
F:\OpenGL 3.3 - Lighting (Part1+2+3)\sphere.h(187,26): warning C4244: 'initializing': conversion from 'double' to 'float', possible loss of data
F:\OpenGL 3.3 - Lighting (Part1+2+3)\sphere.h(188,25): warning C4244: 'initializing': conversion from 'double' to 'float', possible loss of data
F:\OpenGL 3.3 - Lighting (Part1+2+3)\sphere.h(190,26): warning C4244: 'initializing': conversion from 'double' to 'float', possible loss of data
F:\OpenGL 3.3 - Lighting (Part1+2+3)\main.cpp(495,67): warning C4305: 'argument': truncation from 'double' to 'float'
F:\OpenGL 3.3 - Lighting (Part1+2+3)\main.cpp(495,63): warning C4305: 'argument': truncation from 'double' to 'float'
F:\OpenGL 3.3 - Lighting (Part1+2+3)\main.cpp(495,59): warning C4305: 'argument': truncation from 'double' to 'float'
F:\OpenGL 3.3 - Lighting (Part1+2+3)\main.cpp(520,61): warning C4305: 'argument': truncation from 'double' to 'float'
F:\OpenGL 3.3 - Lighting (Part1+2+3)\main.cpp(520,57): warning C4305: 'argument': truncation from 'double' to 'float'
F:\OpenGL 3.3 - Lighting (Part1+2+3)\main.cpp(520,53): warning C4305: 'argument': truncation from 'double' to 'float'
F:\OpenGL 3.3 - Lighting (Part1+2+3)\main.cpp(524,50): warning C4305: 'argument': truncation from 'double' to 'float'
F:\OpenGL 3.3 - Lighting (Part1+2+3)\main.cpp(525,50): warning C4305: 'argument': truncation from 'double' to 'float'
F:\OpenGL 3.3 - Lighting (Part1+2+3)\main.cpp(810,45): warning C4305: 'initializing': truncation from 'double' to 'float'
F:\OpenGL 3.3 - Lighting (Part1+2+3)\main.cpp(814,37): warning C4244: '=': conversion from 'double' to 'float', possible loss of data
F:\OpenGL 3.3 - Lighting (Part1+2+3)\main.cpp(908,43): warning C4305: '=': truncation from 'double' to 'float'
F:\OpenGL 3.3 - Lighting (Part1+2+3)\main.cpp(912,37): warning C4244: '=': conversion from 'double' to 'float', possible loss of data
F:\OpenGL 3.3 - Lighting (Part1+2+3)\main.cpp(1083,22): warning C4305: 'initializing': truncation from 'double' to 'float'
F:\OpenGL 3.3 - Lighting (Part1+2+3)\main.cpp(1086,23): warning C4305: 'initializing': truncation from 'double' to 'float'
F:\OpenGL 3.3 - Lighting (Part1+2+3)\main.cpp(1087,24): warning C4305: 'initializing': truncation from 'double' to 'float'
F:\OpenGL 3.3 - Lighting (Part1+2+3)\main.cpp(1088,24): warning C4305: 'initializing': truncation from 'double' to 'float'
F:\OpenGL 3.3 - Lighting (Part1+2+3)\main.cpp(1089,25): warning C4305: 'initializing': truncation from 'double' to 'float'
F:\OpenGL 3.3 - Lighting (Part1+2+3)\main.cpp(1090,22): warning C4305: 'initializing': truncation from 'double' to 'float'
F:\OpenGL 3.3 - Lighting (Part1+2+3)\main.cpp(1100,60): warning C4305: 'argument': truncation from 'double' to 'float'
F:\OpenGL 3.3 - Lighting (Part1+2+3)\main.cpp(1100,53): warning C4305: 'argument': truncation from 'double' to 'float'
F:\OpenGL 3.3 - Lighting (Part1+2+3)\main.cpp(1100,46): warning C4305: 'argument': truncation from 'double' to 'float'
F:\OpenGL 3.3 - Lighting (Part1+2+3)\main.cpp(1111,60): warning C4305: 'argument': truncation from 'double' to 'float'
F:\OpenGL 3.3 - Lighting (Part1+2+3)\main.cpp(1111,53): warning C4305: 'argument': truncation from 'double' to 'float'
F:\OpenGL 3.3 - Lighting (Part1+2+3)\main.cpp(1111,46): warning C4305: 'argument': truncation from 'double' to 'float'
F:\OpenGL 3.3 - Lighting (Part1+2+3)\main.cpp(1122,49): warning C4305: 'argument': truncation from 'double' to 'float'
F:\OpenGL 3.3 - Lighting (Part1+2+3)\main.cpp(1133,49): warning C4305: 'argument': truncation from 'double' to 'float'
F:\OpenGL 3.3 - Lighting (Part1+2+3)\main.cpp(1144,60): warning C4305: 'argument': truncation from 'double' to 'float'
F:\OpenGL 3.3 - Lighting (Part1+2+3)\main.cpp(1144,53): warning C4305: 'argument': truncation from 'double' to 'float'
F:\OpenGL 3.3 - Lighting (Part1+2+3)\main.cpp(1144,46): warning C4305: 'argument': truncation from 'double' to 'float'
F:\OpenGL 3.3 - Lighting (Part1+2+3)\main.cpp(1155,60): warning C4305: 'argument': truncation from 'double' to 'float'
F:\OpenGL 3.3 - Lighting (Part1+2+3)\main.cpp(1155,53): warning C4305: 'argument': truncation from 'double' to 'float'
F:\OpenGL 3.3 - Lighting (Part1+2+3)\main.cpp(1155,46): warning C4305: 'argument': truncation from 'double' to 'float'
F:\OpenGL 3.3 - Lighting (Part1+2+3)\main.cpp(1169,59): warning C4305: 'argument': truncation from 'double' to 'float'
F:\OpenGL 3.3 - Lighting (Part1+2+3)\main.cpp(1169,53): warning C4305: 'argument': truncation from 'double' to 'float'
F:\OpenGL 3.3 - Lighting (Part1+2+3)\main.cpp(1169,46): warning C4305: 'argument': truncation from 'double' to 'float'
F:\OpenGL 3.3 - Lighting (Part1+2+3)\main.cpp(1488,29): warning C4244: '=': conversion from 'double' to 'float', possible loss of data
F:\OpenGL 3.3 - Lighting (Part1+2+3)\main.cpp(1565,29): warning C4244: '=': conversion from 'double' to 'float', possible loss of data
F:\OpenGL 3.3 - Lighting (Part1+2+3)\main.cpp(1628,15): warning C4101: 'color1': unreferenced local variable
F:\OpenGL 3.3 - Lighting (Part1+2+3)\main.cpp(1809,29): warning C4305: '+=': truncation from 'double' to 'float'
  Lighting.vcxproj -> F:\OpenGL 3.3 - Lighting (Part1+2+3)\x64\Debug\Lighting.exe
